#
# There is insufficient memory for the Java Runtime Environment to continue.
# Native memory allocation (mmap) failed to map 56623104 bytes for Failed to commit area from 0x0000000090b00000 to 0x0000000094100000 of length 56623104.
# Possible reasons:
#   The system is out of physical RAM or swap space
#   The process is running with CompressedOops enabled, and the Java Heap may be blocking the growth of the native heap
# Possible solutions:
#   Reduce memory load on the system
#   Increase physical memory or swap space
#   Check if swap backing store is full
#   Decrease Java heap size (-Xmx/-Xms)
#   Decrease number of Java threads
#   Decrease Java thread stack sizes (-Xss)
#   Set larger code cache with -XX:ReservedCodeCacheSize=
#   JVM is running with Unscaled Compressed Oops mode in which the Java heap is
#     placed in the first 4GB address space. The Java Heap base address is the
#     maximum limit for the native heap growth. Please use -XX:HeapBaseMinAddress
#     to set the Java Heap base and to place the Java Heap above 4GB virtual address.
# This output file may be truncated or incomplete.
#
#  Out of Memory Error (src/hotspot/os/windows/os_windows.cpp:3627), pid=3212, tid=3812
#
# JRE version: OpenJDK Runtime Environment (11.0.15) (build 11.0.15+0-b2043.56-9505619)
# Java VM: OpenJDK 64-Bit Server VM (11.0.15+0-b2043.56-9505619, mixed mode, tiered, compressed oops, g1 gc, windows-amd64)
# No core dump will be written. Minidumps are not enabled by default on client versions of Windows
#

---------------  S U M M A R Y ------------

Command Line: --add-opens=java.base/java.util=ALL-UNNAMED --add-opens=java.base/java.lang=ALL-UNNAMED --add-opens=java.base/java.lang.invoke=ALL-UNNAMED --add-opens=java.prefs/java.util.prefs=ALL-UNNAMED -Xmx2048m -Dfile.encoding=UTF-8 -Duser.country=US -Duser.language=en -Duser.variant org.gradle.launcher.daemon.bootstrap.GradleDaemon 6.7.1

Host: Intel(R) Core(TM) i3-3217U CPU @ 1.80GHz, 4 cores, 7G,  Windows 10 , 64 bit Build 16299 (10.0.16299.15)
Time: Mon Apr 10 13:52:50 2023 Egypt Standard Time elapsed time: 86.302092 seconds (0d 0h 1m 26s)

---------------  T H R E A D  ---------------

Current thread (0x00000270f9517800):  VMThread "VM Thread" [stack: 0x000000c581000000,0x000000c581100000] [id=3812]

Stack: [0x000000c581000000,0x000000c581100000]
[error occurred during error reporting (printing stack bounds), id 0xc0000005, EXCEPTION_ACCESS_VIOLATION (0xc0000005) at pc=0x00000270e2cd112d]

Native frames: (J=compiled Java code, j=interpreted, Vv=VM code, C=native code)
V  [jvm.dll+0x64135a]
V  [jvm.dll+0x7d39f9]
V  [jvm.dll+0x7d51b9]
V  [jvm.dll+0x7d5805]
V  [jvm.dll+0x7d57bb]
V  [jvm.dll+0x640655]
V  [jvm.dll+0x640d68]
C  [ntdll.dll+0xa4c3d]
C  [ntdll.dll+0x1d1b8]
C  [ntdll.dll+0xa3b6e]
C  0x00000270e2cd112d

VM_Operation (0x000000c583bf9cb0): G1CollectForAllocation, mode: safepoint, requested by thread 0x00000270fcb05000


---------------  P R O C E S S  ---------------

Threads class SMR info:
_java_thread_list=0x000002708031b340, length=50, elements={
0x00000270dd992800, 0x00000270f951d000, 0x00000270f9526800, 0x00000270f9e82800,
0x00000270f9e86000, 0x00000270f9e89000, 0x00000270f9533000, 0x00000270f9539800,
0x00000270f953c800, 0x00000270f9fe9800, 0x00000270fa9ef000, 0x00000270fbfb7800,
0x00000270fb6a6000, 0x00000270fb457000, 0x00000270fa112000, 0x00000270fbe36800,
0x00000270fb400000, 0x00000270fb64e000, 0x00000270fb47f000, 0x00000270fbb24000,
0x00000270fbb22800, 0x00000270fbb26800, 0x00000270fbb24800, 0x00000270fbb23000,
0x00000270fbb20800, 0x00000270fbb25800, 0x00000270fbb27000, 0x00000270fcb03000,
0x00000270fcb04000, 0x00000270fcb0a800, 0x00000270fcb05000, 0x00000270fcb0b800,
0x00000270fcb05800, 0x00000270fc91a000, 0x00000270fc917000, 0x00000270fc918000,
0x0000027084287800, 0x000002708428a800, 0x0000027084288000, 0x000002708428a000,
0x0000027084289000, 0x000002708428b800, 0x000002708428d000, 0x0000027084286800,
0x000002708428e000, 0x000002708428f000, 0x0000027084294800, 0x0000027084c43800,
0x0000027084c45800, 0x00000270fe0c3000
}

Java Threads: ( => current thread )
  0x00000270dd992800 JavaThread "main" [_thread_blocked, id=1272, stack(0x000000c580a00000,0x000000c580b00000)]
  0x00000270f951d000 JavaThread "Reference Handler" daemon [_thread_blocked, id=424, stack(0x000000c581100000,0x000000c581200000)]
  0x00000270f9526800 JavaThread "Finalizer" daemon [_thread_blocked, id=9680, stack(0x000000c581200000,0x000000c581300000)]
  0x00000270f9e82800 JavaThread "Signal Dispatcher" daemon [_thread_blocked, id=7320, stack(0x000000c581400000,0x000000c581500000)]
  0x00000270f9e86000 JavaThread "Attach Listener" daemon [_thread_blocked, id=9644, stack(0x000000c581500000,0x000000c581600000)]
  0x00000270f9e89000 JavaThread "Service Thread" daemon [_thread_blocked, id=3268, stack(0x000000c581600000,0x000000c581700000)]
  0x00000270f9533000 JavaThread "C2 CompilerThread0" daemon [_thread_blocked, id=4812, stack(0x000000c581700000,0x000000c581800000)]
  0x00000270f9539800 JavaThread "C1 CompilerThread0" daemon [_thread_blocked, id=2408, stack(0x000000c581800000,0x000000c581900000)]
  0x00000270f953c800 JavaThread "Sweeper thread" daemon [_thread_blocked, id=7496, stack(0x000000c581900000,0x000000c581a00000)]
  0x00000270f9fe9800 JavaThread "Common-Cleaner" daemon [_thread_blocked, id=10452, stack(0x000000c581a00000,0x000000c581b00000)]
  0x00000270fa9ef000 JavaThread "Daemon health stats" [_thread_blocked, id=2584, stack(0x000000c582000000,0x000000c582100000)]
  0x00000270fbfb7800 JavaThread "Incoming local TCP Connector on port 55261" [_thread_in_native, id=2976, stack(0x000000c582200000,0x000000c582300000)]
  0x00000270fb6a6000 JavaThread "Daemon periodic checks" [_thread_blocked, id=8752, stack(0x000000c582300000,0x000000c582400000)]
  0x00000270fb457000 JavaThread "Daemon" [_thread_blocked, id=6032, stack(0x000000c582400000,0x000000c582500000)]
  0x00000270fa112000 JavaThread "Handler for socket connection from /127.0.0.1:55261 to /127.0.0.1:55262" [_thread_in_native, id=7156, stack(0x000000c582500000,0x000000c582600000)]
  0x00000270fbe36800 JavaThread "Cancel handler" [_thread_blocked, id=1508, stack(0x000000c582700000,0x000000c582800000)]
  0x00000270fb400000 JavaThread "Daemon worker" [_thread_blocked, id=3688, stack(0x000000c582800000,0x000000c582900000)]
  0x00000270fb64e000 JavaThread "Asynchronous log dispatcher for DefaultDaemonConnection: socket connection from /127.0.0.1:55261 to /127.0.0.1:55262" [_thread_blocked, id=11100, stack(0x000000c582900000,0x000000c582a00000)]
  0x00000270fb47f000 JavaThread "Thread-8" [_thread_blocked, id=6188, stack(0x000000c582b00000,0x000000c582c00000)]
  0x00000270fbb24000 JavaThread "Cache worker for file hash cache (C:\Users\M.Hamada\.gradle\wrapper\dists\caches\6.7.1\fileHashes)" [_thread_blocked, id=10376, stack(0x000000c582d00000,0x000000c582e00000)]
  0x00000270fbb22800 JavaThread "File lock request listener" [_thread_in_native, id=7764, stack(0x000000c582e00000,0x000000c582f00000)]
  0x00000270fbb26800 JavaThread "Cache worker for journal cache (C:\Users\M.Hamada\.gradle\wrapper\dists\caches\journal-1)" [_thread_blocked, id=6232, stack(0x000000c582f00000,0x000000c583000000)]
  0x00000270fbb24800 JavaThread "Cache worker for file hash cache (E:\Bf\.gradle\6.7.1\fileHashes)" [_thread_blocked, id=4876, stack(0x000000c583100000,0x000000c583200000)]
  0x00000270fbb23000 JavaThread "Cache worker for checksums cache (E:\Bf\.gradle\checksums)" [_thread_blocked, id=1200, stack(0x000000c583200000,0x000000c583300000)]
  0x00000270fbb20800 JavaThread "Cache worker for cache directory md-supplier (C:\Users\M.Hamada\.gradle\wrapper\dists\caches\6.7.1\md-supplier)" [_thread_blocked, id=11124, stack(0x000000c583300000,0x000000c583400000)]
  0x00000270fbb25800 JavaThread "Cache worker for cache directory md-rule (C:\Users\M.Hamada\.gradle\wrapper\dists\caches\6.7.1\md-rule)" [_thread_blocked, id=9224, stack(0x000000c583400000,0x000000c583500000)]
  0x00000270fbb27000 JavaThread "Cache worker for execution history cache (C:\Users\M.Hamada\.gradle\wrapper\dists\caches\6.7.1\executionHistory)" [_thread_blocked, id=3896, stack(0x000000c583500000,0x000000c583600000)]
  0x00000270fcb03000 JavaThread "Cache worker for file content cache (C:\Users\M.Hamada\.gradle\wrapper\dists\caches\6.7.1\fileContent)" [_thread_blocked, id=10948, stack(0x000000c583700000,0x000000c583800000)]
  0x00000270fcb04000 JavaThread "Cache worker for Build Output Cleanup Cache (E:\Bf\.gradle\buildOutputCleanup)" [_thread_blocked, id=5880, stack(0x000000c583900000,0x000000c583a00000)]
  0x00000270fcb0a800 JavaThread "Build operations" [_thread_blocked, id=10396, stack(0x000000c583a00000,0x000000c583b00000)]
  0x00000270fcb05000 JavaThread "Build operations Thread 2" [_thread_blocked, id=6104, stack(0x000000c583b00000,0x000000c583c00000)]
  0x00000270fcb0b800 JavaThread "Build operations Thread 3" [_thread_blocked, id=10924, stack(0x000000c583c00000,0x000000c583d00000)]
  0x00000270fcb05800 JavaThread "Build operations Thread 4" [_thread_blocked, id=864, stack(0x000000c583d00000,0x000000c583e00000)]
  0x00000270fc91a000 JavaThread "Memory manager" [_thread_blocked, id=6608, stack(0x000000c58a200000,0x000000c58a300000)]
  0x00000270fc917000 JavaThread "build event listener" [_thread_blocked, id=8932, stack(0x000000c58a400000,0x000000c58a500000)]
  0x00000270fc918000 JavaThread "pool-3-thread-1" [_thread_blocked, id=3004, stack(0x000000c58a500000,0x000000c58a600000)]
  0x0000027084287800 JavaThread "build event listener" [_thread_blocked, id=1892, stack(0x000000c58a600000,0x000000c58a700000)]
  0x000002708428a800 JavaThread "Execution worker for ':'" [_thread_blocked, id=7580, stack(0x000000c58a700000,0x000000c58a800000)]
  0x0000027084288000 JavaThread "Execution worker for ':' Thread 2" [_thread_blocked, id=6616, stack(0x000000c58a800000,0x000000c58a900000)]
  0x000002708428a000 JavaThread "Execution worker for ':' Thread 3" [_thread_blocked, id=3300, stack(0x000000c58a900000,0x000000c58aa00000)]
  0x0000027084289000 JavaThread "Cache worker for execution history cache (E:\Bf\.gradle\6.7.1\executionHistory)" [_thread_blocked, id=7224, stack(0x000000c58aa00000,0x000000c58ab00000)]
  0x000002708428b800 JavaThread "WorkerExecutor Queue" [_thread_blocked, id=1852, stack(0x000000c58ad00000,0x000000c58ae00000)]
  0x000002708428d000 JavaThread "Java2D Disposer" daemon [_thread_blocked, id=9236, stack(0x000000c58b100000,0x000000c58b200000)]
  0x0000027084286800 JavaThread "WorkerExecutor Queue Thread 5" [_thread_blocked, id=5320, stack(0x000000c58b300000,0x000000c58b400000)]
  0x000002708428e000 JavaThread "WorkerExecutor Queue Thread 6" [_thread_blocked, id=5020, stack(0x000000c58b400000,0x000000c58b500000)]
  0x000002708428f000 JavaThread "WorkerExecutor Queue Thread 7" [_thread_blocked, id=6652, stack(0x000000c58b500000,0x000000c58b600000)]
  0x0000027084294800 JavaThread "pool-4-thread-1" [_thread_blocked, id=9616, stack(0x000000c58b600000,0x000000c58b700000)]
  0x0000027084c43800 JavaThread "stderr" [_thread_in_native, id=1012, stack(0x000000c58b700000,0x000000c58b800000)]
  0x0000027084c45800 JavaThread "stdout" [_thread_in_native, id=4904, stack(0x000000c58b800000,0x000000c58b900000)]
  0x00000270fe0c3000 JavaThread "C2 CompilerThread1" daemon [_thread_blocked, id=10292, stack(0x000000c58b900000,0x000000c58ba00000)]

Other Threads:
=>0x00000270f9517800 VMThread "VM Thread" [stack: 0x000000c581000000,0x000000c581100000] [id=3812]
  0x00000270fa007000 WatcherThread [stack: 0x000000c581b00000,0x000000c581c00000] [id=7028]
  0x00000270dd9a9000 GCTaskThread "GC Thread#0" [stack: 0x000000c580b00000,0x000000c580c00000] [id=9540]
  0x00000270fa1bc000 GCTaskThread "GC Thread#1" [stack: 0x000000c581d00000,0x000000c581e00000] [id=9048]
  0x00000270fa572800 GCTaskThread "GC Thread#2" [stack: 0x000000c581e00000,0x000000c581f00000] [id=3776]
  0x00000270fbe36000 GCTaskThread "GC Thread#3" [stack: 0x000000c582c00000,0x000000c582d00000] [id=10516]
  0x00000270dd9dc000 ConcurrentGCThread "G1 Main Marker" [stack: 0x000000c580c00000,0x000000c580d00000] [id=2528]
  0x00000270dd9dd800 ConcurrentGCThread "G1 Conc#0" [stack: 0x000000c580d00000,0x000000c580e00000] [id=11204]
  0x00000270dda5e000 ConcurrentGCThread "G1 Refine#0" [stack: 0x000000c580e00000,0x000000c580f00000] [id=5988]
  0x00000270f9368800 ConcurrentGCThread "G1 Young RemSet Sampling" [stack: 0x000000c580f00000,0x000000c581000000] [id=8144]

Threads with active compile tasks:
C2 CompilerThread0    86353 18792       4       com.android.tools.r8.ir.conversion.S::a (186 bytes)
C2 CompilerThread1    86353 18824       4       com.android.tools.r8.ir.regalloc.a::a (264 bytes)

VM state:at safepoint (normal execution)

VM Mutex/Monitor currently owned by a thread:  ([mutex/lock_event])
[0x00000270dd98deb0] Threads_lock - owner thread: 0x00000270f9517800
[0x00000270dd98e4e0] Heap_lock - owner thread: 0x00000270fcb05000

Heap address: 0x0000000080000000, size: 2048 MB, Compressed Oops mode: 32-bit
Narrow klass base: 0x0000000000000000, Narrow klass shift: 3
Compressed class space size: 1073741824 Address: 0x0000000100000000

Heap:
 garbage-first heap   total 328704K, used 150111K [0x0000000080000000, 0x0000000100000000)
  region size 1024K, 9 young (9216K), 9 survivors (9216K)
 Metaspace       used 110303K, capacity 113062K, committed 113392K, reserved 1148928K
  class space    used 13460K, capacity 14486K, committed 14668K, reserved 1048576K
Heap Regions: E=young(eden), S=young(survivor), O=old, HS=humongous(starts), HC=humongous(continues), CS=collection set, F=free, A=archive, TAMS=top-at-mark-start (previous, next)
|   0|0x0000000080000000, 0x0000000080100000, 0x0000000080100000|100%| O|  |TAMS 0x0000000080100000, 0x0000000080000000| Untracked 
|   1|0x0000000080100000, 0x0000000080200000, 0x0000000080200000|100%| O|  |TAMS 0x0000000080200000, 0x0000000080100000| Untracked 
|   2|0x0000000080200000, 0x0000000080300000, 0x0000000080300000|100%| O|  |TAMS 0x0000000080300000, 0x0000000080200000| Untracked 
|   3|0x0000000080300000, 0x0000000080400000, 0x0000000080400000|100%|HS|  |TAMS 0x0000000080400000, 0x0000000080300000| Complete 
|   4|0x0000000080400000, 0x0000000080500000, 0x0000000080500000|100%|HC|  |TAMS 0x0000000080500000, 0x0000000080400000| Complete 
|   5|0x0000000080500000, 0x0000000080600000, 0x0000000080600000|100%|HC|  |TAMS 0x0000000080600000, 0x0000000080500000| Complete 
|   6|0x0000000080600000, 0x0000000080700000, 0x0000000080700000|100%| O|  |TAMS 0x0000000080700000, 0x0000000080600000| Untracked 
|   7|0x0000000080700000, 0x0000000080800000, 0x0000000080800000|100%| O|  |TAMS 0x0000000080800000, 0x0000000080700000| Untracked 
|   8|0x0000000080800000, 0x0000000080900000, 0x0000000080900000|100%| O|  |TAMS 0x0000000080900000, 0x0000000080800000| Untracked 
|   9|0x0000000080900000, 0x0000000080a00000, 0x0000000080a00000|100%| O|  |TAMS 0x0000000080a00000, 0x0000000080900000| Untracked 
|  10|0x0000000080a00000, 0x0000000080b00000, 0x0000000080b00000|100%| O|  |TAMS 0x0000000080b00000, 0x0000000080a00000| Untracked 
|  11|0x0000000080b00000, 0x0000000080c00000, 0x0000000080c00000|100%| O|  |TAMS 0x0000000080c00000, 0x0000000080b00000| Untracked 
|  12|0x0000000080c00000, 0x0000000080d00000, 0x0000000080d00000|100%| O|  |TAMS 0x0000000080d00000, 0x0000000080c00000| Untracked 
|  13|0x0000000080d00000, 0x0000000080e00000, 0x0000000080e00000|100%| O|  |TAMS 0x0000000080e00000, 0x0000000080d00000| Untracked 
|  14|0x0000000080e00000, 0x0000000080f00000, 0x0000000080f00000|100%| O|  |TAMS 0x0000000080f00000, 0x0000000080e00000| Untracked 
|  15|0x0000000080f00000, 0x0000000081000000, 0x0000000081000000|100%| O|  |TAMS 0x0000000081000000, 0x0000000080f00000| Untracked 
|  16|0x0000000081000000, 0x0000000081100000, 0x0000000081100000|100%| O|  |TAMS 0x0000000081100000, 0x0000000081000000| Untracked 
|  17|0x0000000081100000, 0x0000000081200000, 0x0000000081200000|100%| O|  |TAMS 0x0000000081200000, 0x0000000081100000| Complete 
|  18|0x0000000081200000, 0x0000000081300000, 0x0000000081300000|100%|HS|  |TAMS 0x0000000081300000, 0x0000000081200000| Complete 
|  19|0x0000000081300000, 0x0000000081400000, 0x0000000081400000|100%| O|  |TAMS 0x0000000081400000, 0x0000000081300000| Untracked 
|  20|0x0000000081400000, 0x0000000081500000, 0x0000000081500000|100%| O|  |TAMS 0x0000000081500000, 0x0000000081400000| Untracked 
|  21|0x0000000081500000, 0x0000000081600000, 0x0000000081600000|100%| O|  |TAMS 0x0000000081600000, 0x0000000081500000| Untracked 
|  22|0x0000000081600000, 0x0000000081700000, 0x0000000081700000|100%|HS|  |TAMS 0x0000000081700000, 0x0000000081600000| Complete 
|  23|0x0000000081700000, 0x0000000081800000, 0x0000000081800000|100%|HC|  |TAMS 0x0000000081800000, 0x0000000081700000| Complete 
|  24|0x0000000081800000, 0x0000000081900000, 0x0000000081900000|100%| O|  |TAMS 0x0000000081900000, 0x0000000081800000| Untracked 
|  25|0x0000000081900000, 0x0000000081a00000, 0x0000000081a00000|100%| O|  |TAMS 0x0000000081a00000, 0x0000000081900000| Untracked 
|  26|0x0000000081a00000, 0x0000000081b00000, 0x0000000081b00000|100%| O|  |TAMS 0x0000000081b00000, 0x0000000081a00000| Untracked 
|  27|0x0000000081b00000, 0x0000000081c00000, 0x0000000081c00000|100%| O|  |TAMS 0x0000000081c00000, 0x0000000081b00000| Untracked 
|  28|0x0000000081c00000, 0x0000000081d00000, 0x0000000081d00000|100%| O|  |TAMS 0x0000000081d00000, 0x0000000081c00000| Complete 
|  29|0x0000000081d00000, 0x0000000081e00000, 0x0000000081e00000|100%| O|  |TAMS 0x0000000081e00000, 0x0000000081d00000| Complete 
|  30|0x0000000081e00000, 0x0000000081f00000, 0x0000000081f00000|100%| O|  |TAMS 0x0000000081f00000, 0x0000000081e00000| Untracked 
|  31|0x0000000081f00000, 0x0000000082000000, 0x0000000082000000|100%| O|  |TAMS 0x0000000082000000, 0x0000000081f00000| Untracked 
|  32|0x0000000082000000, 0x0000000082100000, 0x0000000082100000|100%| O|  |TAMS 0x0000000082100000, 0x0000000082000000| Untracked 
|  33|0x0000000082100000, 0x0000000082200000, 0x0000000082200000|100%| O|  |TAMS 0x0000000082200000, 0x0000000082100000| Untracked 
|  34|0x0000000082200000, 0x0000000082300000, 0x0000000082300000|100%| O|  |TAMS 0x0000000082300000, 0x0000000082200000| Untracked 
|  35|0x0000000082300000, 0x0000000082400000, 0x0000000082400000|100%| O|  |TAMS 0x0000000082400000, 0x0000000082300000| Untracked 
|  36|0x0000000082400000, 0x0000000082500000, 0x0000000082500000|100%| O|  |TAMS 0x0000000082500000, 0x0000000082400000| Untracked 
|  37|0x0000000082500000, 0x0000000082600000, 0x0000000082600000|100%| O|  |TAMS 0x0000000082600000, 0x0000000082500000| Untracked 
|  38|0x0000000082600000, 0x0000000082700000, 0x0000000082700000|100%| O|  |TAMS 0x0000000082700000, 0x0000000082600000| Untracked 
|  39|0x0000000082700000, 0x0000000082800000, 0x0000000082800000|100%| O|  |TAMS 0x0000000082800000, 0x0000000082700000| Complete 
|  40|0x0000000082800000, 0x0000000082900000, 0x0000000082900000|100%| O|  |TAMS 0x0000000082900000, 0x0000000082800000| Untracked 
|  41|0x0000000082900000, 0x0000000082a00000, 0x0000000082a00000|100%| O|  |TAMS 0x0000000082a00000, 0x0000000082900000| Untracked 
|  42|0x0000000082a00000, 0x0000000082b00000, 0x0000000082b00000|100%| O|  |TAMS 0x0000000082b00000, 0x0000000082a00000| Complete 
|  43|0x0000000082b00000, 0x0000000082c00000, 0x0000000082c00000|100%| O|  |TAMS 0x0000000082c00000, 0x0000000082b00000| Complete 
|  44|0x0000000082c00000, 0x0000000082d00000, 0x0000000082d00000|100%| O|  |TAMS 0x0000000082d00000, 0x0000000082c00000| Untracked 
|  45|0x0000000082d00000, 0x0000000082e00000, 0x0000000082e00000|100%| O|  |TAMS 0x0000000082e00000, 0x0000000082d00000| Untracked 
|  46|0x0000000082e00000, 0x0000000082f00000, 0x0000000082f00000|100%| O|  |TAMS 0x0000000082f00000, 0x0000000082e00000| Untracked 
|  47|0x0000000082f00000, 0x0000000083000000, 0x0000000083000000|100%| O|  |TAMS 0x0000000083000000, 0x0000000082f00000| Untracked 
|  48|0x0000000083000000, 0x0000000083100000, 0x0000000083100000|100%| O|  |TAMS 0x0000000083100000, 0x0000000083000000| Complete 
|  49|0x0000000083100000, 0x0000000083200000, 0x0000000083200000|100%| O|  |TAMS 0x0000000083200000, 0x0000000083100000| Untracked 
|  50|0x0000000083200000, 0x0000000083300000, 0x0000000083300000|100%| O|  |TAMS 0x0000000083300000, 0x0000000083200000| Untracked 
|  51|0x0000000083300000, 0x0000000083400000, 0x0000000083400000|100%| O|  |TAMS 0x0000000083400000, 0x0000000083300000| Untracked 
|  52|0x0000000083400000, 0x0000000083500000, 0x0000000083500000|100%| O|  |TAMS 0x0000000083500000, 0x0000000083400000| Untracked 
|  53|0x0000000083500000, 0x0000000083600000, 0x0000000083600000|100%| O|  |TAMS 0x0000000083600000, 0x0000000083500000| Complete 
|  54|0x0000000083600000, 0x0000000083700000, 0x0000000083700000|100%| O|  |TAMS 0x0000000083700000, 0x0000000083600000| Untracked 
|  55|0x0000000083700000, 0x0000000083800000, 0x0000000083800000|100%| O|  |TAMS 0x0000000083800000, 0x0000000083700000| Untracked 
|  56|0x0000000083800000, 0x0000000083900000, 0x0000000083900000|100%| O|  |TAMS 0x0000000083900000, 0x0000000083800000| Untracked 
|  57|0x0000000083900000, 0x0000000083a00000, 0x0000000083a00000|100%| O|  |TAMS 0x0000000083a00000, 0x0000000083900000| Complete 
|  58|0x0000000083a00000, 0x0000000083b00000, 0x0000000083b00000|100%| O|  |TAMS 0x0000000083b00000, 0x0000000083a00000| Complete 
|  59|0x0000000083b00000, 0x0000000083c00000, 0x0000000083c00000|100%| O|  |TAMS 0x0000000083c00000, 0x0000000083b00000| Untracked 
|  60|0x0000000083c00000, 0x0000000083d00000, 0x0000000083d00000|100%| O|  |TAMS 0x0000000083d00000, 0x0000000083c00000| Untracked 
|  61|0x0000000083d00000, 0x0000000083e00000, 0x0000000083e00000|100%| O|  |TAMS 0x0000000083e00000, 0x0000000083d00000| Untracked 
|  62|0x0000000083e00000, 0x0000000083f00000, 0x0000000083f00000|100%| O|  |TAMS 0x0000000083f00000, 0x0000000083e00000| Untracked 
|  63|0x0000000083f00000, 0x0000000084000000, 0x0000000084000000|100%| O|  |TAMS 0x0000000084000000, 0x0000000083f00000| Untracked 
|  64|0x0000000084000000, 0x0000000084100000, 0x0000000084100000|100%| O|  |TAMS 0x0000000084100000, 0x0000000084000000| Untracked 
|  65|0x0000000084100000, 0x0000000084200000, 0x0000000084200000|100%| O|  |TAMS 0x0000000084200000, 0x0000000084100000| Untracked 
|  66|0x0000000084200000, 0x0000000084300000, 0x0000000084300000|100%| O|  |TAMS 0x0000000084300000, 0x0000000084200000| Complete 
|  67|0x0000000084300000, 0x0000000084400000, 0x0000000084400000|100%| O|  |TAMS 0x0000000084400000, 0x0000000084300000| Complete 
|  68|0x0000000084400000, 0x0000000084500000, 0x0000000084500000|100%| O|  |TAMS 0x0000000084500000, 0x0000000084400000| Untracked 
|  69|0x0000000084500000, 0x0000000084600000, 0x0000000084600000|100%| O|  |TAMS 0x0000000084600000, 0x0000000084500000| Complete 
|  70|0x0000000084600000, 0x0000000084700000, 0x0000000084700000|100%| O|  |TAMS 0x0000000084700000, 0x0000000084600000| Complete 
|  71|0x0000000084700000, 0x0000000084800000, 0x0000000084800000|100%| O|  |TAMS 0x0000000084800000, 0x0000000084700000| Complete 
|  72|0x0000000084800000, 0x0000000084900000, 0x0000000084900000|100%| O|  |TAMS 0x0000000084900000, 0x0000000084800000| Untracked 
|  73|0x0000000084900000, 0x0000000084a00000, 0x0000000084a00000|100%| O|  |TAMS 0x0000000084a00000, 0x0000000084900000| Complete 
|  74|0x0000000084a00000, 0x0000000084b00000, 0x0000000084b00000|100%| O|  |TAMS 0x0000000084b00000, 0x0000000084a00000| Complete 
|  75|0x0000000084b00000, 0x0000000084c00000, 0x0000000084c00000|100%| O|  |TAMS 0x0000000084c00000, 0x0000000084b00000| Untracked 
|  76|0x0000000084c00000, 0x0000000084d00000, 0x0000000084d00000|100%| O|  |TAMS 0x0000000084d00000, 0x0000000084c00000| Complete 
|  77|0x0000000084d00000, 0x0000000084e00000, 0x0000000084e00000|100%| O|  |TAMS 0x0000000084e00000, 0x0000000084d00000| Complete 
|  78|0x0000000084e00000, 0x0000000084f00000, 0x0000000084f00000|100%| O|  |TAMS 0x0000000084f00000, 0x0000000084e00000| Complete 
|  79|0x0000000084f00000, 0x0000000085000000, 0x0000000085000000|100%| O|  |TAMS 0x0000000085000000, 0x0000000084f00000| Complete 
|  80|0x0000000085000000, 0x0000000085100000, 0x0000000085100000|100%| O|  |TAMS 0x0000000085100000, 0x0000000085000000| Complete 
|  81|0x0000000085100000, 0x0000000085200000, 0x0000000085200000|100%| O|  |TAMS 0x0000000085200000, 0x0000000085100000| Untracked 
|  82|0x0000000085200000, 0x0000000085300000, 0x0000000085300000|100%| O|  |TAMS 0x0000000085300000, 0x0000000085200000| Complete 
|  83|0x0000000085300000, 0x0000000085400000, 0x0000000085400000|100%| O|  |TAMS 0x0000000085400000, 0x0000000085300000| Complete 
|  84|0x0000000085400000, 0x0000000085500000, 0x0000000085500000|100%| O|  |TAMS 0x0000000085500000, 0x0000000085400000| Complete 
|  85|0x0000000085500000, 0x0000000085600000, 0x0000000085600000|100%| O|  |TAMS 0x0000000085600000, 0x0000000085500000| Complete 
|  86|0x0000000085600000, 0x0000000085700000, 0x0000000085700000|100%| O|  |TAMS 0x0000000085700000, 0x0000000085600000| Untracked 
|  87|0x0000000085700000, 0x0000000085800000, 0x0000000085800000|100%| O|  |TAMS 0x0000000085800000, 0x0000000085700000| Untracked 
|  88|0x0000000085800000, 0x0000000085900000, 0x0000000085900000|100%| O|  |TAMS 0x0000000085900000, 0x0000000085800000| Complete 
|  89|0x0000000085900000, 0x0000000085a00000, 0x0000000085a00000|100%| O|  |TAMS 0x0000000085a00000, 0x0000000085900000| Untracked 
|  90|0x0000000085a00000, 0x0000000085b00000, 0x0000000085b00000|100%|HS|  |TAMS 0x0000000085b00000, 0x0000000085a00000| Complete 
|  91|0x0000000085b00000, 0x0000000085c00000, 0x0000000085c00000|100%|HC|  |TAMS 0x0000000085c00000, 0x0000000085b00000| Complete 
|  92|0x0000000085c00000, 0x0000000085d00000, 0x0000000085d00000|100%| O|  |TAMS 0x0000000085d00000, 0x0000000085c00000| Untracked 
|  93|0x0000000085d00000, 0x0000000085e00000, 0x0000000085e00000|100%| O|  |TAMS 0x0000000085e00000, 0x0000000085d00000| Untracked 
|  94|0x0000000085e00000, 0x0000000085f00000, 0x0000000085f00000|100%| O|  |TAMS 0x0000000085f00000, 0x0000000085e00000| Untracked 
|  95|0x0000000085f00000, 0x0000000086000000, 0x0000000086000000|100%| O|  |TAMS 0x0000000086000000, 0x0000000085f00000| Untracked 
|  96|0x0000000086000000, 0x0000000086100000, 0x0000000086100000|100%| O|  |TAMS 0x0000000086100000, 0x0000000086000000| Untracked 
|  97|0x0000000086100000, 0x0000000086200000, 0x0000000086200000|100%| O|  |TAMS 0x0000000086200000, 0x0000000086100000| Untracked 
|  98|0x0000000086200000, 0x0000000086300000, 0x0000000086300000|100%| O|  |TAMS 0x0000000086300000, 0x0000000086200000| Untracked 
|  99|0x0000000086300000, 0x0000000086400000, 0x0000000086400000|100%| O|  |TAMS 0x0000000086400000, 0x0000000086300000| Untracked 
| 100|0x0000000086400000, 0x0000000086500000, 0x0000000086500000|100%| O|  |TAMS 0x0000000086500000, 0x0000000086400000| Complete 
| 101|0x0000000086500000, 0x0000000086600000, 0x0000000086600000|100%| O|  |TAMS 0x0000000086600000, 0x0000000086500000| Complete 
| 102|0x0000000086600000, 0x0000000086700000, 0x0000000086700000|100%| O|  |TAMS 0x0000000086700000, 0x0000000086600000| Complete 
| 103|0x0000000086700000, 0x0000000086800000, 0x0000000086800000|100%| O|  |TAMS 0x0000000086800000, 0x0000000086700000| Untracked 
| 104|0x0000000086800000, 0x0000000086900000, 0x0000000086900000|100%| O|  |TAMS 0x0000000086900000, 0x0000000086800000| Untracked 
| 105|0x0000000086900000, 0x0000000086a00000, 0x0000000086a00000|100%| O|  |TAMS 0x0000000086a00000, 0x0000000086900000| Untracked 
| 106|0x0000000086a00000, 0x0000000086b00000, 0x0000000086b00000|100%| O|  |TAMS 0x0000000086b00000, 0x0000000086a00000| Untracked 
| 107|0x0000000086b00000, 0x0000000086c00000, 0x0000000086c00000|100%| O|  |TAMS 0x0000000086c00000, 0x0000000086b00000| Complete 
| 108|0x0000000086c00000, 0x0000000086d00000, 0x0000000086d00000|100%| O|  |TAMS 0x0000000086d00000, 0x0000000086c00000| Complete 
| 109|0x0000000086d00000, 0x0000000086e00000, 0x0000000086e00000|100%| O|  |TAMS 0x0000000086e00000, 0x0000000086d00000| Complete 
| 110|0x0000000086e00000, 0x0000000086f00000, 0x0000000086f00000|100%| O|  |TAMS 0x0000000086f00000, 0x0000000086e00000| Untracked 
| 111|0x0000000086f00000, 0x0000000087000000, 0x0000000087000000|100%| O|  |TAMS 0x0000000087000000, 0x0000000086f00000| Complete 
| 112|0x0000000087000000, 0x0000000087100000, 0x0000000087100000|100%| O|  |TAMS 0x0000000087100000, 0x0000000087000000| Complete 
| 113|0x0000000087100000, 0x0000000087200000, 0x0000000087200000|100%| O|  |TAMS 0x0000000087200000, 0x0000000087100000| Complete 
| 114|0x0000000087200000, 0x0000000087300000, 0x0000000087300000|100%| O|  |TAMS 0x0000000087300000, 0x0000000087200000| Complete 
| 115|0x0000000087300000, 0x0000000087400000, 0x0000000087400000|100%| O|  |TAMS 0x0000000087400000, 0x0000000087300000| Untracked 
| 116|0x0000000087400000, 0x0000000087500000, 0x0000000087500000|100%| O|  |TAMS 0x0000000087500000, 0x0000000087400000| Complete 
| 117|0x0000000087500000, 0x0000000087600000, 0x0000000087600000|100%| O|  |TAMS 0x0000000087600000, 0x0000000087500000| Complete 
| 118|0x0000000087600000, 0x0000000087663e00, 0x0000000087700000| 39%| O|  |TAMS 0x0000000087663e00, 0x0000000087600000| Untracked 
| 119|0x0000000087700000, 0x0000000087800000, 0x0000000087800000|100%| O|  |TAMS 0x0000000087800000, 0x0000000087700000| Complete 
| 120|0x0000000087800000, 0x0000000087800000, 0x0000000087900000|  0%| F|  |TAMS 0x0000000087800000, 0x0000000087800000| Untracked 
| 121|0x0000000087900000, 0x0000000087900000, 0x0000000087a00000|  0%| F|  |TAMS 0x0000000087900000, 0x0000000087900000| Untracked 
| 122|0x0000000087a00000, 0x0000000087a00000, 0x0000000087b00000|  0%| F|  |TAMS 0x0000000087a00000, 0x0000000087a00000| Untracked 
| 123|0x0000000087b00000, 0x0000000087c00000, 0x0000000087c00000|100%| O|  |TAMS 0x0000000087c00000, 0x0000000087b00000| Complete 
| 124|0x0000000087c00000, 0x0000000087d00000, 0x0000000087d00000|100%| O|  |TAMS 0x0000000087d00000, 0x0000000087c00000| Untracked 
| 125|0x0000000087d00000, 0x0000000087d00000, 0x0000000087e00000|  0%| F|  |TAMS 0x0000000087d00000, 0x0000000087d00000| Untracked 
| 126|0x0000000087e00000, 0x0000000087f00000, 0x0000000087f00000|100%| O|  |TAMS 0x0000000087f00000, 0x0000000087e00000| Complete 
| 127|0x0000000087f00000, 0x0000000088000000, 0x0000000088000000|100%| O|  |TAMS 0x0000000088000000, 0x0000000087f00000| Complete 
| 128|0x0000000088000000, 0x0000000088100000, 0x0000000088100000|100%| O|  |TAMS 0x0000000088100000, 0x0000000088000000| Complete 
| 129|0x0000000088100000, 0x0000000088100000, 0x0000000088200000|  0%| F|  |TAMS 0x0000000088100000, 0x0000000088100000| Untracked 
| 130|0x0000000088200000, 0x0000000088300000, 0x0000000088300000|100%| O|  |TAMS 0x0000000088300000, 0x0000000088200000| Complete 
| 131|0x0000000088300000, 0x0000000088400000, 0x0000000088400000|100%| O|  |TAMS 0x0000000088400000, 0x0000000088300000| Complete 
| 132|0x0000000088400000, 0x0000000088500000, 0x0000000088500000|100%| O|  |TAMS 0x0000000088500000, 0x0000000088400000| Complete 
| 133|0x0000000088500000, 0x0000000088600000, 0x0000000088600000|100%| O|  |TAMS 0x0000000088600000, 0x0000000088500000| Untracked 
| 134|0x0000000088600000, 0x0000000088700000, 0x0000000088700000|100%| O|  |TAMS 0x0000000088700000, 0x0000000088600000| Untracked 
| 135|0x0000000088700000, 0x0000000088800000, 0x0000000088800000|100%| O|  |TAMS 0x0000000088800000, 0x0000000088700000| Complete 
| 136|0x0000000088800000, 0x0000000088800000, 0x0000000088900000|  0%| F|  |TAMS 0x0000000088800000, 0x0000000088800000| Untracked 
| 137|0x0000000088900000, 0x0000000088900000, 0x0000000088a00000|  0%| F|  |TAMS 0x0000000088900000, 0x0000000088900000| Untracked 
| 138|0x0000000088a00000, 0x0000000088b00000, 0x0000000088b00000|100%| O|  |TAMS 0x0000000088b00000, 0x0000000088a00000| Untracked 
| 139|0x0000000088b00000, 0x0000000088c00000, 0x0000000088c00000|100%| O|  |TAMS 0x0000000088c00000, 0x0000000088b00000| Untracked 
| 140|0x0000000088c00000, 0x0000000088c00000, 0x0000000088d00000|  0%| F|  |TAMS 0x0000000088c00000, 0x0000000088c00000| Untracked 
| 141|0x0000000088d00000, 0x0000000088e00000, 0x0000000088e00000|100%| O|  |TAMS 0x0000000088e00000, 0x0000000088d00000| Complete 
| 142|0x0000000088e00000, 0x0000000088f00000, 0x0000000088f00000|100%| O|  |TAMS 0x0000000088f00000, 0x0000000088e00000| Complete 
| 143|0x0000000088f00000, 0x0000000089000000, 0x0000000089000000|100%| O|  |TAMS 0x0000000089000000, 0x0000000088f00000| Complete 
| 144|0x0000000089000000, 0x0000000089100000, 0x0000000089100000|100%| O|  |TAMS 0x0000000089100000, 0x0000000089000000| Complete 
| 145|0x0000000089100000, 0x0000000089200000, 0x0000000089200000|100%| O|  |TAMS 0x0000000089200000, 0x0000000089100000| Complete 
| 146|0x0000000089200000, 0x0000000089300000, 0x0000000089300000|100%| O|  |TAMS 0x0000000089300000, 0x0000000089200000| Complete 
| 147|0x0000000089300000, 0x0000000089300000, 0x0000000089400000|  0%| F|  |TAMS 0x0000000089300000, 0x0000000089300000| Untracked 
| 148|0x0000000089400000, 0x0000000089400000, 0x0000000089500000|  0%| F|  |TAMS 0x0000000089400000, 0x0000000089400000| Untracked 
| 149|0x0000000089500000, 0x0000000089500000, 0x0000000089600000|  0%| F|  |TAMS 0x0000000089500000, 0x0000000089500000| Untracked 
| 150|0x0000000089600000, 0x0000000089600000, 0x0000000089700000|  0%| F|  |TAMS 0x0000000089600000, 0x0000000089600000| Untracked 
| 151|0x0000000089700000, 0x0000000089700000, 0x0000000089800000|  0%| F|  |TAMS 0x0000000089700000, 0x0000000089700000| Untracked 
| 152|0x0000000089800000, 0x0000000089800000, 0x0000000089900000|  0%| F|  |TAMS 0x0000000089800000, 0x0000000089800000| Untracked 
| 153|0x0000000089900000, 0x0000000089900000, 0x0000000089a00000|  0%| F|  |TAMS 0x0000000089900000, 0x0000000089900000| Untracked 
| 154|0x0000000089a00000, 0x0000000089a00000, 0x0000000089b00000|  0%| F|  |TAMS 0x0000000089a00000, 0x0000000089a00000| Untracked 
| 155|0x0000000089b00000, 0x0000000089b00000, 0x0000000089c00000|  0%| F|  |TAMS 0x0000000089b00000, 0x0000000089b00000| Untracked 
| 156|0x0000000089c00000, 0x0000000089c00000, 0x0000000089d00000|  0%| F|  |TAMS 0x0000000089c00000, 0x0000000089c00000| Untracked 
| 157|0x0000000089d00000, 0x0000000089d00000, 0x0000000089e00000|  0%| F|  |TAMS 0x0000000089d00000, 0x0000000089d00000| Untracked 
| 158|0x0000000089e00000, 0x0000000089e00000, 0x0000000089f00000|  0%| F|  |TAMS 0x0000000089e00000, 0x0000000089e00000| Untracked 
| 159|0x0000000089f00000, 0x0000000089f00000, 0x000000008a000000|  0%| F|  |TAMS 0x0000000089f00000, 0x0000000089f00000| Untracked 
| 160|0x000000008a000000, 0x000000008a000000, 0x000000008a100000|  0%| F|  |TAMS 0x000000008a000000, 0x000000008a000000| Untracked 
| 161|0x000000008a100000, 0x000000008a100000, 0x000000008a200000|  0%| F|  |TAMS 0x000000008a100000, 0x000000008a100000| Untracked 
| 162|0x000000008a200000, 0x000000008a200000, 0x000000008a300000|  0%| F|  |TAMS 0x000000008a200000, 0x000000008a200000| Untracked 
| 163|0x000000008a300000, 0x000000008a300000, 0x000000008a400000|  0%| F|  |TAMS 0x000000008a300000, 0x000000008a300000| Untracked 
| 164|0x000000008a400000, 0x000000008a400000, 0x000000008a500000|  0%| F|  |TAMS 0x000000008a400000, 0x000000008a400000| Untracked 
| 165|0x000000008a500000, 0x000000008a500000, 0x000000008a600000|  0%| F|  |TAMS 0x000000008a500000, 0x000000008a500000| Untracked 
| 166|0x000000008a600000, 0x000000008a600000, 0x000000008a700000|  0%| F|  |TAMS 0x000000008a600000, 0x000000008a600000| Untracked 
| 167|0x000000008a700000, 0x000000008a700000, 0x000000008a800000|  0%| F|  |TAMS 0x000000008a700000, 0x000000008a700000| Untracked 
| 168|0x000000008a800000, 0x000000008a800000, 0x000000008a900000|  0%| F|  |TAMS 0x000000008a800000, 0x000000008a800000| Untracked 
| 169|0x000000008a900000, 0x000000008a900000, 0x000000008aa00000|  0%| F|  |TAMS 0x000000008a900000, 0x000000008a900000| Untracked 
| 170|0x000000008aa00000, 0x000000008aa00000, 0x000000008ab00000|  0%| F|  |TAMS 0x000000008aa00000, 0x000000008aa00000| Untracked 
| 171|0x000000008ab00000, 0x000000008ab00000, 0x000000008ac00000|  0%| F|  |TAMS 0x000000008ab00000, 0x000000008ab00000| Untracked 
| 172|0x000000008ac00000, 0x000000008ac00000, 0x000000008ad00000|  0%| F|  |TAMS 0x000000008ac00000, 0x000000008ac00000| Untracked 
| 173|0x000000008ad00000, 0x000000008ad00000, 0x000000008ae00000|  0%| F|  |TAMS 0x000000008ad00000, 0x000000008ad00000| Untracked 
| 174|0x000000008ae00000, 0x000000008ae00000, 0x000000008af00000|  0%| F|  |TAMS 0x000000008ae00000, 0x000000008ae00000| Untracked 
| 175|0x000000008af00000, 0x000000008af00000, 0x000000008b000000|  0%| F|  |TAMS 0x000000008af00000, 0x000000008af00000| Untracked 
| 176|0x000000008b000000, 0x000000008b000000, 0x000000008b100000|  0%| F|  |TAMS 0x000000008b000000, 0x000000008b000000| Untracked 
| 177|0x000000008b100000, 0x000000008b1340f0, 0x000000008b200000| 20%| S|CS|TAMS 0x000000008b100000, 0x000000008b100000| Complete 
| 178|0x000000008b200000, 0x000000008b300000, 0x000000008b300000|100%| S|CS|TAMS 0x000000008b200000, 0x000000008b200000| Complete 
| 179|0x000000008b300000, 0x000000008b400000, 0x000000008b400000|100%| S|CS|TAMS 0x000000008b300000, 0x000000008b300000| Complete 
| 180|0x000000008b400000, 0x000000008b500000, 0x000000008b500000|100%| S|CS|TAMS 0x000000008b400000, 0x000000008b400000| Complete 
| 181|0x000000008b500000, 0x000000008b600000, 0x000000008b600000|100%| S|CS|TAMS 0x000000008b500000, 0x000000008b500000| Complete 
| 182|0x000000008b600000, 0x000000008b700000, 0x000000008b700000|100%| S|CS|TAMS 0x000000008b600000, 0x000000008b600000| Complete 
| 183|0x000000008b700000, 0x000000008b700000, 0x000000008b800000|  0%| F|  |TAMS 0x000000008b700000, 0x000000008b700000| Untracked 
| 184|0x000000008b800000, 0x000000008b800000, 0x000000008b900000|  0%| F|  |TAMS 0x000000008b800000, 0x000000008b800000| Untracked 
| 185|0x000000008b900000, 0x000000008b900000, 0x000000008ba00000|  0%| F|  |TAMS 0x000000008b900000, 0x000000008b900000| Untracked 
| 186|0x000000008ba00000, 0x000000008ba00000, 0x000000008bb00000|  0%| F|  |TAMS 0x000000008ba00000, 0x000000008ba00000| Untracked 
| 187|0x000000008bb00000, 0x000000008bb00000, 0x000000008bc00000|  0%| F|  |TAMS 0x000000008bb00000, 0x000000008bb00000| Untracked 
| 188|0x000000008bc00000, 0x000000008bc00000, 0x000000008bd00000|  0%| F|  |TAMS 0x000000008bc00000, 0x000000008bc00000| Untracked 
| 189|0x000000008bd00000, 0x000000008be00000, 0x000000008be00000|100%| S|CS|TAMS 0x000000008bd00000, 0x000000008bd00000| Complete 
| 190|0x000000008be00000, 0x000000008bf00000, 0x000000008bf00000|100%| S|CS|TAMS 0x000000008be00000, 0x000000008be00000| Complete 
| 191|0x000000008bf00000, 0x000000008c000000, 0x000000008c000000|100%| S|CS|TAMS 0x000000008bf00000, 0x000000008bf00000| Complete 
| 192|0x000000008c000000, 0x000000008c000000, 0x000000008c100000|  0%| F|  |TAMS 0x000000008c000000, 0x000000008c000000| Untracked 
| 193|0x000000008c100000, 0x000000008c100000, 0x000000008c200000|  0%| F|  |TAMS 0x000000008c100000, 0x000000008c100000| Untracked 
| 194|0x000000008c200000, 0x000000008c200000, 0x000000008c300000|  0%| F|  |TAMS 0x000000008c200000, 0x000000008c200000| Untracked 
| 195|0x000000008c300000, 0x000000008c300000, 0x000000008c400000|  0%| F|  |TAMS 0x000000008c300000, 0x000000008c300000| Untracked 
| 196|0x000000008c400000, 0x000000008c400000, 0x000000008c500000|  0%| F|  |TAMS 0x000000008c400000, 0x000000008c400000| Untracked 
| 197|0x000000008c500000, 0x000000008c500000, 0x000000008c600000|  0%| F|  |TAMS 0x000000008c500000, 0x000000008c500000| Untracked 
| 198|0x000000008c600000, 0x000000008c600000, 0x000000008c700000|  0%| F|  |TAMS 0x000000008c600000, 0x000000008c600000| Untracked 
| 199|0x000000008c700000, 0x000000008c700000, 0x000000008c800000|  0%| F|  |TAMS 0x000000008c700000, 0x000000008c700000| Untracked 
| 200|0x000000008c800000, 0x000000008c800000, 0x000000008c900000|  0%| F|  |TAMS 0x000000008c800000, 0x000000008c800000| Untracked 
| 201|0x000000008c900000, 0x000000008c900000, 0x000000008ca00000|  0%| F|  |TAMS 0x000000008c900000, 0x000000008c900000| Untracked 
| 202|0x000000008ca00000, 0x000000008ca00000, 0x000000008cb00000|  0%| F|  |TAMS 0x000000008ca00000, 0x000000008ca00000| Untracked 
| 203|0x000000008cb00000, 0x000000008cb00000, 0x000000008cc00000|  0%| F|  |TAMS 0x000000008cb00000, 0x000000008cb00000| Untracked 
| 204|0x000000008cc00000, 0x000000008cc00000, 0x000000008cd00000|  0%| F|  |TAMS 0x000000008cc00000, 0x000000008cc00000| Untracked 
| 205|0x000000008cd00000, 0x000000008cd00000, 0x000000008ce00000|  0%| F|  |TAMS 0x000000008cd00000, 0x000000008cd00000| Untracked 
| 206|0x000000008ce00000, 0x000000008ce00000, 0x000000008cf00000|  0%| F|  |TAMS 0x000000008ce00000, 0x000000008ce00000| Untracked 
| 207|0x000000008cf00000, 0x000000008cf00000, 0x000000008d000000|  0%| F|  |TAMS 0x000000008cf00000, 0x000000008cf00000| Untracked 
| 208|0x000000008d000000, 0x000000008d000000, 0x000000008d100000|  0%| F|  |TAMS 0x000000008d000000, 0x000000008d000000| Untracked 
| 209|0x000000008d100000, 0x000000008d100000, 0x000000008d200000|  0%| F|  |TAMS 0x000000008d100000, 0x000000008d100000| Untracked 
| 210|0x000000008d200000, 0x000000008d200000, 0x000000008d300000|  0%| F|  |TAMS 0x000000008d200000, 0x000000008d200000| Untracked 
| 211|0x000000008d300000, 0x000000008d300000, 0x000000008d400000|  0%| F|  |TAMS 0x000000008d300000, 0x000000008d300000| Untracked 
| 212|0x000000008d400000, 0x000000008d400000, 0x000000008d500000|  0%| F|  |TAMS 0x000000008d400000, 0x000000008d400000| Untracked 
| 213|0x000000008d500000, 0x000000008d500000, 0x000000008d600000|  0%| F|  |TAMS 0x000000008d500000, 0x000000008d500000| Untracked 
| 214|0x000000008d600000, 0x000000008d600000, 0x000000008d700000|  0%| F|  |TAMS 0x000000008d600000, 0x000000008d600000| Untracked 
| 215|0x000000008d700000, 0x000000008d700000, 0x000000008d800000|  0%| F|  |TAMS 0x000000008d700000, 0x000000008d700000| Untracked 
| 216|0x000000008d800000, 0x000000008d800000, 0x000000008d900000|  0%| F|  |TAMS 0x000000008d800000, 0x000000008d800000| Untracked 
| 217|0x000000008d900000, 0x000000008d900000, 0x000000008da00000|  0%| F|  |TAMS 0x000000008d900000, 0x000000008d900000| Untracked 
| 218|0x000000008da00000, 0x000000008da00000, 0x000000008db00000|  0%| F|  |TAMS 0x000000008da00000, 0x000000008da00000| Untracked 
| 219|0x000000008db00000, 0x000000008db00000, 0x000000008dc00000|  0%| F|  |TAMS 0x000000008db00000, 0x000000008db00000| Untracked 
| 220|0x000000008dc00000, 0x000000008dc00000, 0x000000008dd00000|  0%| F|  |TAMS 0x000000008dc00000, 0x000000008dc00000| Untracked 
| 221|0x000000008dd00000, 0x000000008dd00000, 0x000000008de00000|  0%| F|  |TAMS 0x000000008dd00000, 0x000000008dd00000| Untracked 
| 222|0x000000008de00000, 0x000000008de00000, 0x000000008df00000|  0%| F|  |TAMS 0x000000008de00000, 0x000000008de00000| Untracked 
| 223|0x000000008df00000, 0x000000008df00000, 0x000000008e000000|  0%| F|  |TAMS 0x000000008df00000, 0x000000008df00000| Untracked 
| 224|0x000000008e000000, 0x000000008e000000, 0x000000008e100000|  0%| F|  |TAMS 0x000000008e000000, 0x000000008e000000| Untracked 
| 225|0x000000008e100000, 0x000000008e100000, 0x000000008e200000|  0%| F|  |TAMS 0x000000008e100000, 0x000000008e100000| Untracked 
| 226|0x000000008e200000, 0x000000008e200000, 0x000000008e300000|  0%| F|  |TAMS 0x000000008e200000, 0x000000008e200000| Untracked 
| 227|0x000000008e300000, 0x000000008e300000, 0x000000008e400000|  0%| F|  |TAMS 0x000000008e300000, 0x000000008e300000| Untracked 
| 228|0x000000008e400000, 0x000000008e400000, 0x000000008e500000|  0%| F|  |TAMS 0x000000008e400000, 0x000000008e400000| Untracked 
| 229|0x000000008e500000, 0x000000008e500000, 0x000000008e600000|  0%| F|  |TAMS 0x000000008e500000, 0x000000008e500000| Untracked 
| 230|0x000000008e600000, 0x000000008e600000, 0x000000008e700000|  0%| F|  |TAMS 0x000000008e600000, 0x000000008e600000| Untracked 
| 231|0x000000008e700000, 0x000000008e700000, 0x000000008e800000|  0%| F|  |TAMS 0x000000008e700000, 0x000000008e700000| Untracked 
| 232|0x000000008e800000, 0x000000008e800000, 0x000000008e900000|  0%| F|  |TAMS 0x000000008e800000, 0x000000008e800000| Untracked 
| 233|0x000000008e900000, 0x000000008e900000, 0x000000008ea00000|  0%| F|  |TAMS 0x000000008e900000, 0x000000008e900000| Untracked 
| 234|0x000000008ea00000, 0x000000008ea00000, 0x000000008eb00000|  0%| F|  |TAMS 0x000000008ea00000, 0x000000008ea00000| Untracked 
| 235|0x000000008eb00000, 0x000000008eb00000, 0x000000008ec00000|  0%| F|  |TAMS 0x000000008eb00000, 0x000000008eb00000| Untracked 
| 236|0x000000008ec00000, 0x000000008ec00000, 0x000000008ed00000|  0%| F|  |TAMS 0x000000008ec00000, 0x000000008ec00000| Untracked 
| 237|0x000000008ed00000, 0x000000008ed00000, 0x000000008ee00000|  0%| F|  |TAMS 0x000000008ed00000, 0x000000008ed00000| Untracked 
| 238|0x000000008ee00000, 0x000000008ee00000, 0x000000008ef00000|  0%| F|  |TAMS 0x000000008ee00000, 0x000000008ee00000| Untracked 
| 239|0x000000008ef00000, 0x000000008ef00000, 0x000000008f000000|  0%| F|  |TAMS 0x000000008ef00000, 0x000000008ef00000| Untracked 
| 240|0x000000008f000000, 0x000000008f000000, 0x000000008f100000|  0%| F|  |TAMS 0x000000008f000000, 0x000000008f000000| Untracked 
| 241|0x000000008f100000, 0x000000008f100000, 0x000000008f200000|  0%| F|  |TAMS 0x000000008f100000, 0x000000008f100000| Untracked 
| 242|0x000000008f200000, 0x000000008f200000, 0x000000008f300000|  0%| F|  |TAMS 0x000000008f200000, 0x000000008f200000| Untracked 
| 243|0x000000008f300000, 0x000000008f300000, 0x000000008f400000|  0%| F|  |TAMS 0x000000008f300000, 0x000000008f300000| Untracked 
| 244|0x000000008f400000, 0x000000008f400000, 0x000000008f500000|  0%| F|  |TAMS 0x000000008f400000, 0x000000008f400000| Untracked 
| 245|0x000000008f500000, 0x000000008f500000, 0x000000008f600000|  0%| F|  |TAMS 0x000000008f500000, 0x000000008f500000| Untracked 
| 246|0x000000008f600000, 0x000000008f600000, 0x000000008f700000|  0%| F|  |TAMS 0x000000008f600000, 0x000000008f600000| Untracked 
| 247|0x000000008f700000, 0x000000008f700000, 0x000000008f800000|  0%| F|  |TAMS 0x000000008f700000, 0x000000008f700000| Untracked 
| 248|0x000000008f800000, 0x000000008f800000, 0x000000008f900000|  0%| F|  |TAMS 0x000000008f800000, 0x000000008f800000| Untracked 
| 249|0x000000008f900000, 0x000000008f900000, 0x000000008fa00000|  0%| F|  |TAMS 0x000000008f900000, 0x000000008f900000| Untracked 
| 250|0x000000008fa00000, 0x000000008fa00000, 0x000000008fb00000|  0%| F|  |TAMS 0x000000008fa00000, 0x000000008fa00000| Untracked 
| 251|0x000000008fb00000, 0x000000008fb00000, 0x000000008fc00000|  0%| F|  |TAMS 0x000000008fb00000, 0x000000008fb00000| Untracked 
| 252|0x000000008fc00000, 0x000000008fc00000, 0x000000008fd00000|  0%| F|  |TAMS 0x000000008fc00000, 0x000000008fc00000| Untracked 
| 253|0x000000008fd00000, 0x000000008fd00000, 0x000000008fe00000|  0%| F|  |TAMS 0x000000008fd00000, 0x000000008fd00000| Untracked 
| 254|0x000000008fe00000, 0x000000008fe00000, 0x000000008ff00000|  0%| F|  |TAMS 0x000000008fe00000, 0x000000008fe00000| Untracked 
| 255|0x000000008ff00000, 0x000000008ff00000, 0x0000000090000000|  0%| F|  |TAMS 0x000000008ff00000, 0x000000008ff00000| Untracked 
| 256|0x0000000090000000, 0x0000000090000000, 0x0000000090100000|  0%| F|  |TAMS 0x0000000090000000, 0x0000000090000000| Untracked 
| 257|0x0000000090100000, 0x0000000090100000, 0x0000000090200000|  0%| F|  |TAMS 0x0000000090100000, 0x0000000090100000| Untracked 
| 258|0x0000000090200000, 0x0000000090200000, 0x0000000090300000|  0%| F|  |TAMS 0x0000000090200000, 0x0000000090200000| Untracked 
| 259|0x0000000090300000, 0x0000000090300000, 0x0000000090400000|  0%| F|  |TAMS 0x0000000090300000, 0x0000000090300000| Untracked 
| 260|0x0000000090400000, 0x0000000090400000, 0x0000000090500000|  0%| F|  |TAMS 0x0000000090400000, 0x0000000090400000| Untracked 
| 261|0x0000000090500000, 0x0000000090500000, 0x0000000090600000|  0%| F|  |TAMS 0x0000000090500000, 0x0000000090500000| Untracked 
| 262|0x0000000090600000, 0x0000000090600000, 0x0000000090700000|  0%| F|  |TAMS 0x0000000090600000, 0x0000000090600000| Untracked 
| 263|0x0000000090700000, 0x0000000090700000, 0x0000000090800000|  0%| F|  |TAMS 0x0000000090700000, 0x0000000090700000| Untracked 
| 264|0x0000000090800000, 0x0000000090800000, 0x0000000090900000|  0%| F|  |TAMS 0x0000000090800000, 0x0000000090800000| Untracked 
| 265|0x0000000090900000, 0x0000000090900000, 0x0000000090a00000|  0%| F|  |TAMS 0x0000000090900000, 0x0000000090900000| Untracked 
| 266|0x0000000090a00000, 0x0000000090a00000, 0x0000000090b00000|  0%| F|  |TAMS 0x0000000090a00000, 0x0000000090a00000| Untracked 

Card table byte_map: [0x00000270f2710000,0x00000270f2b10000] _byte_map_base: 0x00000270f2310000

Marking Bits (Prev, Next): (CMBitMap*) 0x00000270dd9d3368, (CMBitMap*) 0x00000270dd9d33a0
 Prev Bits: [0x00000270f2f10000, 0x00000270f4f10000)
 Next Bits: [0x00000270f4f10000, 0x00000270f6f10000)

Polling page: 0x00000270dd7f0000

Metaspace:

Usage:
  Non-class:     96.27 MB capacity,    94.57 MB ( 98%) used,     1.39 MB (  1%) free+waste,   312.31 KB ( <1%) overhead. 
      Class:     14.15 MB capacity,    13.15 MB ( 93%) used,   887.73 KB (  6%) free+waste,   137.31 KB ( <1%) overhead. 
       Both:    110.41 MB capacity,   107.72 MB ( 98%) used,     2.26 MB (  2%) free+waste,   449.63 KB ( <1%) overhead. 

Virtual space:
  Non-class space:       98.00 MB reserved,      96.41 MB ( 98%) committed 
      Class space:        1.00 GB reserved,      14.32 MB (  1%) committed 
             Both:        1.10 GB reserved,     110.73 MB ( 10%) committed 

Chunk freelists:
   Non-Class:  148.00 KB
       Class:  106.00 KB
        Both:  254.00 KB

MaxMetaspaceSize: 17179869184.00 GB
CompressedClassSpaceSize: 1.00 GB
Initial GC threshold: 20.80 MB
Current GC threshold: 184.56 MB
CDS: off

CodeHeap 'non-profiled nmethods': size=120064Kb used=12640Kb max_used=12640Kb free=107423Kb
 bounds [0x00000270ea790000, 0x00000270eb3f0000, 0x00000270f1cd0000]
CodeHeap 'profiled nmethods': size=120000Kb used=40990Kb max_used=40990Kb free=79009Kb
 bounds [0x00000270e3260000, 0x00000270e5a70000, 0x00000270ea790000]
CodeHeap 'non-nmethods': size=5696Kb used=2499Kb max_used=2519Kb free=3196Kb
 bounds [0x00000270e2cd0000, 0x00000270e2f50000, 0x00000270e3260000]
 total_blobs=18794 nmethods=17775 adapters=927
 compilation: enabled
              stopped_count=0, restarted_count=0
 full_count=0

Compilation events (20 events):
Event: 86.165 Thread 0x00000270f9533000 nmethod 18828 0x00000270eb3e5690 code [0x00000270eb3e5840, 0x00000270eb3e5d58]
Event: 86.165 Thread 0x00000270f9533000 18845       4       com.android.tools.r8.ir.conversion.L::a (183 bytes)
Event: 86.176 Thread 0x00000270f9533000 nmethod 18845 0x00000270eb3e5e10 code [0x00000270eb3e5fc0, 0x00000270eb3e6418]
Event: 86.176 Thread 0x00000270f9533000 18847       4       com.android.tools.r8.ir.conversion.G::<init> (41 bytes)
Event: 86.179 Thread 0x00000270f9533000 nmethod 18847 0x00000270eb3e6690 code [0x00000270eb3e6820, 0x00000270eb3e6958]
Event: 86.179 Thread 0x00000270f9533000 18151       4       com.android.tools.r8.v.b.W0::a (13 bytes)
Event: 86.180 Thread 0x00000270f9533000 nmethod 18151 0x00000270eb3e6a10 code [0x00000270eb3e6ba0, 0x00000270eb3e6c18]
Event: 86.180 Thread 0x00000270f9533000 18841       4       com.android.tools.r8.ir.conversion.t::a (48 bytes)
Event: 86.184 Thread 0x00000270f9533000 nmethod 18841 0x00000270eb3e6d10 code [0x00000270eb3e6ec0, 0x00000270eb3e7098]
Event: 86.184 Thread 0x00000270f9533000 18940       4       com.android.tools.r8.ir.conversion.o::l (82 bytes)
Event: 86.184 Thread 0x00000270f9539800 18941       3       com.android.tools.r8.v.b.Z0::a (258 bytes)
Event: 86.191 Thread 0x00000270f9539800 nmethod 18941 0x00000270e5a62c90 code [0x00000270e5a63280, 0x00000270e5a66cc8]
Event: 86.202 Thread 0x00000270f9533000 nmethod 18940 0x00000270eb3e7210 code [0x00000270eb3e73e0, 0x00000270eb3e7938]
Event: 86.202 Thread 0x00000270f9533000 18942       4       com.android.tools.r8.v.b.o::e (80 bytes)
Event: 86.203 Thread 0x00000270f9539800 18943       2       com.android.tools.r8.v.b.w0::a (52 bytes)
Event: 86.203 Thread 0x00000270f9533000 nmethod 18942 0x00000270eb3e7d10 code [0x00000270eb3e7ea0, 0x00000270eb3e7ef8]
Event: 86.203 Thread 0x00000270f9533000 18792       4       com.android.tools.r8.ir.conversion.S::a (186 bytes)
Event: 86.204 Thread 0x00000270f9539800 nmethod 18943 0x00000270e5a67e90 code [0x00000270e5a68080, 0x00000270e5a682e8]
Event: 86.221 Thread 0x00000270f9539800 18947       1       com.android.tools.r8.r.o.C::k (2 bytes)
Event: 86.222 Thread 0x00000270f9539800 nmethod 18947 0x00000270eb3e8010 code [0x00000270eb3e81c0, 0x00000270eb3e8278]

GC Heap History (20 events):
Event: 71.235 GC heap after
{Heap after GC invocations=49 (full 0):
 garbage-first heap   total 273408K, used 115556K [0x0000000080000000, 0x0000000100000000)
  region size 1024K, 11 young (11264K), 11 survivors (11264K)
 Metaspace       used 97751K, capacity 100026K, committed 100208K, reserved 1136640K
  class space    used 11874K, capacity 12622K, committed 12748K, reserved 1048576K
}
Event: 72.782 GC heap before
{Heap before GC invocations=49 (full 0):
 garbage-first heap   total 273408K, used 218980K [0x0000000080000000, 0x0000000100000000)
  region size 1024K, 106 young (108544K), 11 survivors (11264K)
 Metaspace       used 98255K, capacity 100637K, committed 100720K, reserved 1136640K
  class space    used 11954K, capacity 12741K, committed 12748K, reserved 1048576K
}
Event: 72.811 GC heap after
{Heap after GC invocations=50 (full 0):
 garbage-first heap   total 273408K, used 122462K [0x0000000080000000, 0x0000000100000000)
  region size 1024K, 10 young (10240K), 10 survivors (10240K)
 Metaspace       used 98255K, capacity 100637K, committed 100720K, reserved 1136640K
  class space    used 11954K, capacity 12741K, committed 12748K, reserved 1048576K
}
Event: 75.361 GC heap before
{Heap before GC invocations=50 (full 0):
 garbage-first heap   total 273408K, used 218718K [0x0000000080000000, 0x0000000100000000)
  region size 1024K, 105 young (107520K), 10 survivors (10240K)
 Metaspace       used 102691K, capacity 105195K, committed 105584K, reserved 1140736K
  class space    used 12535K, capacity 13380K, committed 13516K, reserved 1048576K
}
Event: 75.439 GC heap after
{Heap after GC invocations=51 (full 0):
 garbage-first heap   total 273408K, used 142336K [0x0000000080000000, 0x0000000100000000)
  region size 1024K, 14 young (14336K), 14 survivors (14336K)
 Metaspace       used 102691K, capacity 105195K, committed 105584K, reserved 1140736K
  class space    used 12535K, capacity 13380K, committed 13516K, reserved 1048576K
}
Event: 78.010 GC heap before
{Heap before GC invocations=51 (full 0):
 garbage-first heap   total 273408K, used 216064K [0x0000000080000000, 0x0000000100000000)
  region size 1024K, 86 young (88064K), 14 survivors (14336K)
 Metaspace       used 107491K, capacity 110207K, committed 110448K, reserved 1144832K
  class space    used 13240K, capacity 14199K, committed 14284K, reserved 1048576K
}
Event: 78.082 GC heap after
{Heap after GC invocations=52 (full 0):
 garbage-first heap   total 273408K, used 149504K [0x0000000080000000, 0x0000000100000000)
  region size 1024K, 9 young (9216K), 9 survivors (9216K)
 Metaspace       used 107491K, capacity 110207K, committed 110448K, reserved 1144832K
  class space    used 13240K, capacity 14199K, committed 14284K, reserved 1048576K
}
Event: 80.268 GC heap before
{Heap before GC invocations=53 (full 0):
 garbage-first heap   total 273408K, used 217088K [0x0000000080000000, 0x0000000100000000)
  region size 1024K, 78 young (79872K), 9 survivors (9216K)
 Metaspace       used 108455K, capacity 111116K, committed 111216K, reserved 1146880K
  class space    used 13270K, capacity 14235K, committed 14284K, reserved 1048576K
}
Event: 80.305 GC heap after
{Heap after GC invocations=54 (full 0):
 garbage-first heap   total 273408K, used 149959K [0x0000000080000000, 0x0000000100000000)
  region size 1024K, 4 young (4096K), 4 survivors (4096K)
 Metaspace       used 108455K, capacity 111116K, committed 111216K, reserved 1146880K
  class space    used 13270K, capacity 14235K, committed 14284K, reserved 1048576K
}
Event: 80.532 GC heap before
{Heap before GC invocations=54 (full 0):
 garbage-first heap   total 273408K, used 158151K [0x0000000080000000, 0x0000000100000000)
  region size 1024K, 13 young (13312K), 4 survivors (4096K)
 Metaspace       used 108492K, capacity 111180K, committed 111472K, reserved 1146880K
  class space    used 13276K, capacity 14235K, committed 14284K, reserved 1048576K
}
Event: 80.555 GC heap after
{Heap after GC invocations=55 (full 0):
 garbage-first heap   total 273408K, used 137051K [0x0000000080000000, 0x0000000100000000)
  region size 1024K, 1 young (1024K), 1 survivors (1024K)
 Metaspace       used 108492K, capacity 111180K, committed 111472K, reserved 1146880K
  class space    used 13276K, capacity 14235K, committed 14284K, reserved 1048576K
}
Event: 82.280 GC heap before
{Heap before GC invocations=55 (full 0):
 garbage-first heap   total 273408K, used 215899K [0x0000000080000000, 0x0000000100000000)
  region size 1024K, 78 young (79872K), 1 survivors (1024K)
 Metaspace       used 110205K, capacity 113066K, committed 113392K, reserved 1148928K
  class space    used 13506K, capacity 14556K, committed 14668K, reserved 1048576K
}
Event: 82.296 GC heap after
{Heap after GC invocations=56 (full 0):
 garbage-first heap   total 273408K, used 139685K [0x0000000080000000, 0x0000000100000000)
  region size 1024K, 4 young (4096K), 4 survivors (4096K)
 Metaspace       used 110205K, capacity 113066K, committed 113392K, reserved 1148928K
  class space    used 13506K, capacity 14556K, committed 14668K, reserved 1048576K
}
Event: 83.833 GC heap before
{Heap before GC invocations=57 (full 0):
 garbage-first heap   total 273408K, used 218533K [0x0000000080000000, 0x0000000100000000)
  region size 1024K, 82 young (83968K), 4 survivors (4096K)
 Metaspace       used 110085K, capacity 112849K, committed 113392K, reserved 1148928K
  class space    used 13443K, capacity 14441K, committed 14668K, reserved 1048576K
}
Event: 83.861 GC heap after
{Heap after GC invocations=58 (full 0):
 garbage-first heap   total 273408K, used 145885K [0x0000000080000000, 0x0000000100000000)
  region size 1024K, 10 young (10240K), 10 survivors (10240K)
 Metaspace       used 110085K, capacity 112849K, committed 113392K, reserved 1148928K
  class space    used 13443K, capacity 14441K, committed 14668K, reserved 1048576K
}
Event: 83.875 GC heap before
{Heap before GC invocations=58 (full 0):
 garbage-first heap   total 273408K, used 148957K [0x0000000080000000, 0x0000000100000000)
  region size 1024K, 13 young (13312K), 10 survivors (10240K)
 Metaspace       used 110087K, capacity 112849K, committed 113392K, reserved 1148928K
  class space    used 13443K, capacity 14441K, committed 14668K, reserved 1048576K
}
Event: 83.904 GC heap after
{Heap after GC invocations=59 (full 0):
 garbage-first heap   total 273408K, used 143107K [0x0000000080000000, 0x0000000100000000)
  region size 1024K, 2 young (2048K), 2 survivors (2048K)
 Metaspace       used 110087K, capacity 112849K, committed 113392K, reserved 1148928K
  class space    used 13443K, capacity 14441K, committed 14668K, reserved 1048576K
}
Event: 84.763 GC heap before
{Heap before GC invocations=59 (full 0):
 garbage-first heap   total 273408K, used 219907K [0x0000000080000000, 0x0000000100000000)
  region size 1024K, 78 young (79872K), 2 survivors (2048K)
 Metaspace       used 110204K, capacity 112958K, committed 113392K, reserved 1148928K
  class space    used 13454K, capacity 14454K, committed 14668K, reserved 1048576K
}
Event: 84.804 GC heap after
{Heap after GC invocations=60 (full 0):
 garbage-first heap   total 273408K, used 147049K [0x0000000080000000, 0x0000000100000000)
  region size 1024K, 6 young (6144K), 6 survivors (6144K)
 Metaspace       used 110204K, capacity 112958K, committed 113392K, reserved 1148928K
  class space    used 13454K, capacity 14454K, committed 14668K, reserved 1048576K
}
Event: 86.228 GC heap before
{Heap before GC invocations=61 (full 0):
 garbage-first heap   total 273408K, used 223849K [0x0000000080000000, 0x0000000100000000)
  region size 1024K, 81 young (82944K), 6 survivors (6144K)
 Metaspace       used 110303K, capacity 113062K, committed 113392K, reserved 1148928K
  class space    used 13460K, capacity 14486K, committed 14668K, reserved 1048576K
}

Deoptimization events (20 events):
Event: 85.506 Thread 0x00000270fcb05000 DEOPT PACKING pc=0x00000270eb3c9540 sp=0x000000c583bf9a60
Event: 85.506 Thread 0x00000270fcb05000 DEOPT UNPACKING pc=0x00000270e2d1a1af sp=0x000000c583bf9a28 mode 2
Event: 85.508 Thread 0x00000270fcb0a800 DEOPT PACKING pc=0x00000270eb3c9540 sp=0x000000c583af9770
Event: 85.550 Thread 0x00000270fcb0a800 DEOPT UNPACKING pc=0x00000270e2d1a1af sp=0x000000c583af9738 mode 2
Event: 85.542 Thread 0x00000270fcb05800 DEOPT PACKING pc=0x00000270e34d635e sp=0x000000c583dfac00
Event: 85.575 Thread 0x00000270fcb05800 DEOPT UNPACKING pc=0x00000270e2d1a95e sp=0x000000c583dfa130 mode 0
Event: 85.701 Thread 0x00000270fcb05800 Uncommon trap: trap_request=0xffffffc6 fr.pc=0x00000270eb33299c relative=0x00000000000001dc
Event: 85.701 Thread 0x00000270fcb05800 Uncommon trap: reason=bimorphic_or_optimized_type_check action=maybe_recompile pc=0x00000270eb33299c method=com.android.tools.r8.s.a.a.b.T.iterator()Ljava/util/Iterator; @ 1 c2
Event: 85.701 Thread 0x00000270fcb05800 DEOPT PACKING pc=0x00000270eb33299c sp=0x000000c583dfb630
Event: 85.701 Thread 0x00000270fcb05800 DEOPT UNPACKING pc=0x00000270e2d1a1af sp=0x000000c583dfb5f0 mode 2
Event: 85.802 Thread 0x00000270fcb0a800 DEOPT PACKING pc=0x00000270e34d635e sp=0x000000c583af9690
Event: 85.802 Thread 0x00000270fcb0a800 DEOPT UNPACKING pc=0x00000270e2d1a95e sp=0x000000c583af8bc0 mode 0
Event: 85.910 Thread 0x00000270fcb05800 DEOPT PACKING pc=0x00000270e5760dfb sp=0x000000c583df9960
Event: 85.910 Thread 0x00000270fcb05800 DEOPT UNPACKING pc=0x00000270e2d1a95e sp=0x000000c583df8e00 mode 0
Event: 86.027 Thread 0x00000270fcb05000 DEOPT PACKING pc=0x00000270e34d635e sp=0x000000c583bf97b0
Event: 86.027 Thread 0x00000270fcb05000 DEOPT UNPACKING pc=0x00000270e2d1a95e sp=0x000000c583bf8ce0 mode 0
Event: 86.147 Thread 0x00000270fcb05800 DEOPT PACKING pc=0x00000270e577c670 sp=0x000000c583df9ab0
Event: 86.147 Thread 0x00000270fcb05800 DEOPT UNPACKING pc=0x00000270e2d1a95e sp=0x000000c583df9038 mode 0
Event: 86.186 Thread 0x00000270fcb05800 DEOPT PACKING pc=0x00000270e548831a sp=0x000000c583df9b50
Event: 86.186 Thread 0x00000270fcb05800 DEOPT UNPACKING pc=0x00000270e2d1a95e sp=0x000000c583df9140 mode 0

Classes redefined (0 events):
No events

Internal exceptions (20 events):
Event: 76.101 Thread 0x00000270fcb0a800 Exception <a 'java/lang/NoSuchMethodError'{0x000000008e6d2f20}: 'java.lang.Object java.lang.invoke.DirectMethodHandle$Holder.invokeVirtual(java.lang.Object, java.lang.Object, int, java.lang.Object)'> (0x000000008e6d2f20) thrown at [src/hotspot/share/interpreter/linkResolver.cpp, line 773]
Event: 76.209 Thread 0x00000270fcb05000 Exception <a 'java/lang/NoSuchMethodError'{0x000000008e5b6958}: 'void java.lang.invoke.DirectMethodHandle$Holder.invokeVirtual(java.lang.Object, java.lang.Object, int, java.lang.Object)'> (0x000000008e5b6958) thrown at [src/hotspot/share/interpreter/linkResolver.cpp, line 773]
Event: 76.209 Thread 0x00000270fcb05800 Exception <a 'java/lang/NoSuchMethodError'{0x000000008e5e0f58}: 'void java.lang.invoke.DirectMethodHandle$Holder.invokeVirtual(java.lang.Object, java.lang.Object, int, java.lang.Object)'> (0x000000008e5e0f58) thrown at [src/hotspot/share/interpreter/linkResolver.cpp, line 773]
Event: 77.032 Thread 0x00000270fcb05800 Exception <a 'java/lang/NoSuchMethodError'{0x000000008da0cae0}: 'java.lang.Object java.lang.invoke.DirectMethodHandle$Holder.invokeInterface(java.lang.Object, java.lang.Object, int)'> (0x000000008da0cae0) thrown at [src/hotspot/share/interpreter/linkResolver.cpp, line 773]
Event: 80.637 Thread 0x00000270fcb0a800 Exception <a 'java/lang/NoSuchMethodError'{0x00000000906ba918}: 'void java.lang.invoke.DirectMethodHandle$Holder.invokeStaticInit(java.lang.Object, java.lang.Object, java.lang.Object)'> (0x00000000906ba918) thrown at [src/hotspot/share/interpreter/linkResolver.cpp, line 773]
Event: 80.955 Thread 0x00000270fcb0a800 Exception <a 'java/lang/NoSuchMethodError'{0x000000008f6939a0}: 'java.lang.Object java.lang.invoke.DirectMethodHandle$Holder.invokeSpecial(java.lang.Object, java.lang.Object, java.lang.Object, java.lang.Object, java.lang.Object, java.lang.Object, java.lang.Object, java.lang.Object, java.lang.Object, java.lang.Object)'> (0x000000008f6939a0) thrown at [src/hotspot/share/interpreter/linkResolver.cpp, line 773]
Event: 80.956 Thread 0x00000270fcb0a800 Exception <a 'java/lang/NoSuchMethodError'{0x000000008f697fe0}: 'java.lang.Object java.lang.invoke.Invokers$Holder.linkToTargetMethod(java.lang.Object, java.lang.Object, java.lang.Object, java.lang.Object, java.lang.Object, java.lang.Object, java.lang.Object, java.lang.Object, java.lang.Object)'> (0x000000008f697fe0) thrown at [src/hotspot/share/interpreter/linkResolver.cpp, line 773]
Event: 81.698 Thread 0x00000270fcb0a800 Exception <a 'java/lang/NoSuchMethodError'{0x000000008d95f748}: 'void java.lang.invoke.DirectMethodHandle$Holder.invokeVirtual(java.lang.Object, java.lang.Object, int)'> (0x000000008d95f748) thrown at [src/hotspot/share/interpreter/linkResolver.cpp, line 773]
Event: 81.819 Thread 0x00000270fcb0a800 Exception <a 'sun/nio/fs/WindowsException'{0x000000008d399da0}> (0x000000008d399da0) thrown at [src/hotspot/share/prims/jni.cpp, line 617]
Event: 82.054 Thread 0x00000270fcb05000 Implicit null exception at 0x00000270eb3517f8 to 0x00000270eb355f64
Event: 82.082 Thread 0x00000270fcb05800 Exception <a 'sun/nio/fs/WindowsException'{0x000000008c911fd0}> (0x000000008c911fd0) thrown at [src/hotspot/share/prims/jni.cpp, line 617]
Event: 82.655 Thread 0x00000270fcb0a800 Exception <a 'sun/nio/fs/WindowsException'{0x000000008fc23170}> (0x000000008fc23170) thrown at [src/hotspot/share/prims/jni.cpp, line 617]
Event: 82.692 Thread 0x00000270fcb05800 Exception <a 'sun/nio/fs/WindowsException'{0x000000008f86af70}> (0x000000008f86af70) thrown at [src/hotspot/share/prims/jni.cpp, line 617]
Event: 83.170 Thread 0x00000270fcb0a800 Exception <a 'sun/nio/fs/WindowsException'{0x000000008ed20860}> (0x000000008ed20860) thrown at [src/hotspot/share/prims/jni.cpp, line 617]
Event: 83.404 Thread 0x00000270fcb0a800 Implicit null exception at 0x00000270ea91e81b to 0x00000270ea91efd4
Event: 84.020 Thread 0x00000270fcb0a800 Exception <a 'sun/nio/fs/WindowsException'{0x000000008fa61968}> (0x000000008fa61968) thrown at [src/hotspot/share/prims/jni.cpp, line 617]
Event: 84.414 Thread 0x00000270fcb05800 Exception <a 'sun/nio/fs/WindowsException'{0x000000008d714d10}> (0x000000008d714d10) thrown at [src/hotspot/share/prims/jni.cpp, line 617]
Event: 84.562 Thread 0x00000270fcb05000 Exception <a 'java/lang/NoSuchMethodError'{0x000000008cc98aa0}: 'int java.lang.invoke.DirectMethodHandle$Holder.invokeInterface(java.lang.Object, java.lang.Object, int)'> (0x000000008cc98aa0) thrown at [src/hotspot/share/interpreter/linkResolver.cpp, line 773]
Event: 85.340 Thread 0x00000270fcb05800 Exception <a 'sun/nio/fs/WindowsException'{0x000000008f1113a0}> (0x000000008f1113a0) thrown at [src/hotspot/share/prims/jni.cpp, line 617]
Event: 86.114 Thread 0x00000270fcb0a800 Exception <a 'sun/nio/fs/WindowsException'{0x000000008cb6ee90}> (0x000000008cb6ee90) thrown at [src/hotspot/share/prims/jni.cpp, line 617]

Events (20 events):
Event: 85.262 loading class com/android/tools/r8/w/a/a/a/f/b done
Event: 85.263 loading class com/android/tools/r8/w/a/a/a/f/u
Event: 85.263 loading class com/android/tools/r8/w/a/a/a/f/u done
Event: 85.294 Executing VM operation: RevokeBias
Event: 85.300 Executing VM operation: RevokeBias done
Event: 85.360 loading class com/android/tools/r8/w/a/a/a/f/B
Event: 85.360 loading class com/android/tools/r8/w/a/a/a/f/B done
Event: 85.362 loading class com/android/tools/r8/w/a/a/a/f/x
Event: 85.362 loading class com/android/tools/r8/w/a/a/a/f/x done
Event: 85.362 loading class com/android/tools/r8/w/a/a/a/f/C
Event: 85.362 loading class com/android/tools/r8/w/a/a/a/f/C done
Event: 85.363 loading class com/android/tools/r8/w/a/a/a/f/A
Event: 85.363 loading class com/android/tools/r8/w/a/a/a/f/A done
Event: 85.364 loading class com/android/tools/r8/w/a/a/a/f/t
Event: 85.364 loading class com/android/tools/r8/w/a/a/a/f/t done
Event: 85.409 Executing VM operation: CGC_Operation
Event: 85.447 Executing VM operation: CGC_Operation done
Event: 85.783 Executing VM operation: CGC_Operation
Event: 85.783 Executing VM operation: CGC_Operation done
Event: 86.227 Executing VM operation: G1CollectForAllocation


Dynamic libraries:
0x00007ff7881b0000 - 0x00007ff7881ba000 	E:\android\jbr\bin\java.exe
0x00007ff94b0b0000 - 0x00007ff94b290000 	C:\WINDOWS\SYSTEM32\ntdll.dll
0x00007ff9491c0000 - 0x00007ff94926e000 	C:\WINDOWS\System32\KERNEL32.DLL
0x00007ff947730000 - 0x00007ff947996000 	C:\WINDOWS\System32\KERNELBASE.dll
0x00007ff947c10000 - 0x00007ff947d06000 	C:\WINDOWS\System32\ucrtbase.dll
0x00007ff9381c0000 - 0x00007ff9381d7000 	E:\android\jbr\bin\jli.dll
0x00007ff9381a0000 - 0x00007ff9381bb000 	E:\android\jbr\bin\VCRUNTIME140.dll
0x00007ff948780000 - 0x00007ff94890f000 	C:\WINDOWS\System32\USER32.dll
0x00007ff947ba0000 - 0x00007ff947bc0000 	C:\WINDOWS\System32\win32u.dll
0x00007ff93daa0000 - 0x00007ff93dd09000 	C:\WINDOWS\WinSxS\amd64_microsoft.windows.common-controls_6595b64144ccf1df_6.0.16299.125_none_15cbcf8893620c09\COMCTL32.dll
0x00007ff94afe0000 - 0x00007ff94b07d000 	C:\WINDOWS\System32\msvcrt.dll
0x00007ff948c30000 - 0x00007ff948c58000 	C:\WINDOWS\System32\GDI32.dll
0x00007ff9479a0000 - 0x00007ff947b33000 	C:\WINDOWS\System32\gdi32full.dll
0x00007ff948910000 - 0x00007ff948c18000 	C:\WINDOWS\System32\combase.dll
0x00007ff9484e0000 - 0x00007ff94857b000 	C:\WINDOWS\System32\msvcp_win.dll
0x00007ff94a930000 - 0x00007ff94aa4f000 	C:\WINDOWS\System32\RPCRT4.dll
0x00007ff948460000 - 0x00007ff9484d2000 	C:\WINDOWS\System32\bcryptPrimitives.dll
0x00007ff9486a0000 - 0x00007ff9486cd000 	C:\WINDOWS\System32\IMM32.DLL
0x00007ff943830000 - 0x00007ff94383c000 	E:\android\jbr\bin\vcruntime140_1.dll
0x00007ff922d20000 - 0x00007ff922dad000 	E:\android\jbr\bin\msvcp140.dll
0x00007ff919350000 - 0x00007ff919f0c000 	E:\android\jbr\bin\server\jvm.dll
0x00007ff948580000 - 0x00007ff948621000 	C:\WINDOWS\System32\ADVAPI32.dll
0x00007ff94ac00000 - 0x00007ff94ac5b000 	C:\WINDOWS\System32\sechost.dll
0x00007ff94add0000 - 0x00007ff94add8000 	C:\WINDOWS\System32\PSAPI.DLL
0x00007ff9452a0000 - 0x00007ff9452c3000 	C:\WINDOWS\SYSTEM32\WINMM.dll
0x00007ff9384a0000 - 0x00007ff9384a9000 	C:\WINDOWS\SYSTEM32\WSOCK32.dll
0x00007ff93dee0000 - 0x00007ff93deea000 	C:\WINDOWS\SYSTEM32\VERSION.dll
0x00007ff948630000 - 0x00007ff94869c000 	C:\WINDOWS\System32\WS2_32.dll
0x00007ff945240000 - 0x00007ff94526a000 	C:\WINDOWS\SYSTEM32\winmmbase.dll
0x00007ff947bc0000 - 0x00007ff947c0a000 	C:\WINDOWS\System32\cfgmgr32.dll
0x00007ff947400000 - 0x00007ff947411000 	C:\WINDOWS\System32\kernel.appcore.dll
0x00007ff940d60000 - 0x00007ff940d70000 	E:\android\jbr\bin\verify.dll
0x00007ff939e40000 - 0x00007ff93a008000 	C:\WINDOWS\SYSTEM32\DBGHELP.DLL
0x00007ff936fd0000 - 0x00007ff936ff9000 	C:\WINDOWS\SYSTEM32\dbgcore.DLL
0x00007ff938520000 - 0x00007ff938548000 	E:\android\jbr\bin\java.dll
0x00007ff940d10000 - 0x00007ff940d1a000 	E:\android\jbr\bin\jimage.dll
0x00007ff938480000 - 0x00007ff938498000 	E:\android\jbr\bin\zip.dll
0x00007ff949270000 - 0x00007ff94a6a6000 	C:\WINDOWS\System32\SHELL32.dll
0x00007ff9486d0000 - 0x00007ff948776000 	C:\WINDOWS\System32\shcore.dll
0x00007ff947d10000 - 0x00007ff948457000 	C:\WINDOWS\System32\windows.storage.dll
0x00007ff94af80000 - 0x00007ff94afd1000 	C:\WINDOWS\System32\shlwapi.dll
0x00007ff947420000 - 0x00007ff94746c000 	C:\WINDOWS\System32\powrprof.dll
0x00007ff947490000 - 0x00007ff9474ab000 	C:\WINDOWS\System32\profapi.dll
0x00007ff938430000 - 0x00007ff938449000 	E:\android\jbr\bin\net.dll
0x00007ff941160000 - 0x00007ff94123e000 	C:\WINDOWS\SYSTEM32\WINHTTP.dll
0x00007ff946c30000 - 0x00007ff946c96000 	C:\WINDOWS\system32\mswsock.dll
0x00007ff9383d0000 - 0x00007ff9383e3000 	E:\android\jbr\bin\nio.dll
0x00007ff938160000 - 0x00007ff938187000 	C:\Users\M.Hamada\.gradle\wrapper\dists\native\fdc75f09e3144964f2cf3f50f0aa648679c211496f362492102eb8c894070792\windows-amd64\native-platform.dll
0x00007ff921910000 - 0x00007ff921aa6000 	C:\Users\M.Hamada\.gradle\wrapper\dists\native\12488b8bf47d2d4c9fbf2f6322a914ad602e24e48041cd04a747c6da556b65c4\windows-amd64\native-platform-file-events.dll
0x00007ff940c80000 - 0x00007ff940c8a000 	E:\android\jbr\bin\management.dll
0x00007ff938510000 - 0x00007ff93851b000 	E:\android\jbr\bin\management_ext.dll
0x00007ff946df0000 - 0x00007ff946e07000 	C:\WINDOWS\SYSTEM32\CRYPTSP.dll
0x00007ff946840000 - 0x00007ff946873000 	C:\WINDOWS\system32\rsaenh.dll
0x00007ff946f60000 - 0x00007ff946f85000 	C:\WINDOWS\SYSTEM32\bcrypt.dll
0x00007ff947330000 - 0x00007ff947359000 	C:\WINDOWS\SYSTEM32\USERENV.dll
0x00007ff946e10000 - 0x00007ff946e1b000 	C:\WINDOWS\SYSTEM32\CRYPTBASE.dll
0x00007ff9469c0000 - 0x00007ff9469f9000 	C:\WINDOWS\SYSTEM32\IPHLPAPI.DLL
0x00007ff948c20000 - 0x00007ff948c28000 	C:\WINDOWS\System32\NSI.dll
0x00007ff941440000 - 0x00007ff941456000 	C:\WINDOWS\SYSTEM32\dhcpcsvc6.DLL
0x00007ff9415d0000 - 0x00007ff9415ea000 	C:\WINDOWS\SYSTEM32\dhcpcsvc.DLL
0x00007ff941660000 - 0x00007ff94166b000 	C:\WINDOWS\SYSTEM32\WINNSI.DLL
0x00007ff946540000 - 0x00007ff946571000 	C:\WINDOWS\SYSTEM32\ntmarta.dll
0x00007ff927ef0000 - 0x00007ff928074000 	E:\android\jbr\bin\awt.dll
0x00007ff94ad00000 - 0x00007ff94adc5000 	C:\WINDOWS\System32\OLEAUT32.dll
0x00007ff945cb0000 - 0x00007ff945cda000 	C:\WINDOWS\SYSTEM32\dwmapi.dll
0x00007ff9458c0000 - 0x00007ff945948000 	C:\WINDOWS\SYSTEM32\apphelp.dll
0x00007ff945a40000 - 0x00007ff945ad5000 	C:\WINDOWS\system32\uxtheme.dll

dbghelp: loaded successfully - version: 4.0.5 - missing functions: none
symbol engine: initialized successfully - sym options: 0x614 - pdb path: .;E:\android\jbr\bin;C:\WINDOWS\SYSTEM32;C:\WINDOWS\WinSxS\amd64_microsoft.windows.common-controls_6595b64144ccf1df_6.0.16299.125_none_15cbcf8893620c09;E:\android\jbr\bin\server;C:\Users\M.Hamada\.gradle\wrapper\dists\native\fdc75f09e3144964f2cf3f50f0aa648679c211496f362492102eb8c894070792\windows-amd64;C:\Users\M.Hamada\.gradle\wrapper\dists\native\12488b8bf47d2d4c9fbf2f6322a914ad602e24e48041cd04a747c6da556b65c4\windows-amd64

VM Arguments:
jvm_args: --add-opens=java.base/java.util=ALL-UNNAMED --add-opens=java.base/java.lang=ALL-UNNAMED --add-opens=java.base/java.lang.invoke=ALL-UNNAMED --add-opens=java.prefs/java.util.prefs=ALL-UNNAMED -Xmx2048m -Dfile.encoding=UTF-8 -Duser.country=US -Duser.language=en -Duser.variant 
java_command: org.gradle.launcher.daemon.bootstrap.GradleDaemon 6.7.1
java_class_path (initial): C:\Users\M.Hamada\.gradle\wrapper\dists\wrapper\dists\gradle-6.7.1-bin\bwlcbys1h7rz3272sye1xwiv6\gradle-6.7.1\lib\gradle-launcher-6.7.1.jar
Launcher Type: SUN_STANDARD

[Global flags]
     intx CICompilerCount                          = 3                                         {product} {ergonomic}
     uint ConcGCThreads                            = 1                                         {product} {ergonomic}
     uint G1ConcRefinementThreads                  = 4                                         {product} {ergonomic}
   size_t G1HeapRegionSize                         = 1048576                                   {product} {ergonomic}
    uintx GCDrainStackTargetSize                   = 64                                        {product} {ergonomic}
   size_t InitialHeapSize                          = 134217728                                 {product} {ergonomic}
   size_t MarkStackSize                            = 4194304                                   {product} {ergonomic}
   size_t MaxHeapSize                              = 2147483648                                {product} {command line}
   size_t MaxNewSize                               = 1287651328                                {product} {ergonomic}
   size_t MinHeapDeltaBytes                        = 1048576                                   {product} {ergonomic}
    uintx NonNMethodCodeHeapSize                   = 5830732                                {pd product} {ergonomic}
    uintx NonProfiledCodeHeapSize                  = 122913754                              {pd product} {ergonomic}
    uintx ProfiledCodeHeapSize                     = 122913754                              {pd product} {ergonomic}
    uintx ReservedCodeCacheSize                    = 251658240                              {pd product} {ergonomic}
     bool SegmentedCodeCache                       = true                                      {product} {ergonomic}
     bool UseCompressedClassPointers               = true                                 {lp64_product} {ergonomic}
     bool UseCompressedOops                        = true                                 {lp64_product} {ergonomic}
     bool UseG1GC                                  = true                                      {product} {ergonomic}
     bool UseLargePagesIndividualAllocation        = false                                  {pd product} {ergonomic}

Logging:
Log output configuration:
 #0: stdout all=warning uptime,level,tags
 #1: stderr all=off uptime,level,tags

Environment Variables:
JAVA_HOME=C:\Program Files\Java\jdk-11.0.17
PATH=C:\Program Files\Common Files\Oracle\Java\javapath;C:\ProgramData\Oracle\Java\javapath;C:\WINDOWS\system32;C:\WINDOWS;C:\WINDOWS\System32\Wbem;C:\WINDOWS\System32\WindowsPowerShell\v1.0\;C:\Program Files\Git\cmd;E:\Anaconda;C:\Program Files\Redis\;C:\Program Files\MySQL\MySQL Server 5.5\bin;C:\Program Files\Java\jdk-11.0.11;F:\???????\?????\dart-sdk\bin;C:\Users\M.Hamada\AppData\Local\GitHubDesktop\bin;E:\android\flutter\bin\cache\dart-sdk\bin;C:\Program Files\Java\jdk-11.0.11\bin;
USERNAME=M.Hamada
OS=Windows_NT
PROCESSOR_IDENTIFIER=Intel64 Family 6 Model 58 Stepping 9, GenuineIntel



---------------  S Y S T E M  ---------------

OS: Windows 10 , 64 bit Build 16299 (10.0.16299.15)
OS uptime: 1 days 23:20 hours

CPU:total 4 (initial active 4) (2 cores per cpu, 2 threads per core) family 6 model 58 stepping 9 microcode 0x20, cmov, cx8, fxsr, mmx, sse, sse2, sse3, ssse3, sse4.1, sse4.2, popcnt, avx, clmul, erms, ht, tsc, tscinvbit, tscinv

Memory: 4k page, system-wide physical 8067M (471M free)
TotalPageFile size 8067M (AvailPageFile size 24M)
current process WorkingSet (physical memory assigned to process): 614M, peak: 618M
current process commit charge ("private bytes"): 651M, peak: 705M

vm_info: OpenJDK 64-Bit Server VM (11.0.15+0-b2043.56-9505619) for windows-amd64 JRE (11.0.15+0-b2043.56-9505619), built on Jan 19 2023 02:48:00 by "builduser" with unknown MS VC++:1929

END.
